<?xml version="1.0" encoding="UTF-8" ?>
<testsuite failures="1" time="1.149" errors="0" skipped="0" tests="1" name="org.microemu.MIDP2APIDeclarationsTest">
  <properties>
[...]
</properties>
  <testcase time="1.108" classname="org.microemu.MIDP2APIDeclarationsTest" name="testAPIDeclaration">
    <failure message="javax.microedition.lcdui.Command number of Methods, Extra method(s) [setImage(javax.microedition.lcdui.Image)] expected:&lt;4&gt; but was:&lt;5&gt;
javax.microedition.lcdui.Font number of Methods, Extra method(s) [hashCode()] expected:&lt;16&gt; but was:&lt;17&gt;
javax.microedition.lcdui.List.getTicker()Ljavax/microedition/lcdui/Ticker; is Missing
javax.microedition.lcdui.List number of Methods expected:&lt;22&gt; but was:&lt;21&gt;
javax.microedition.media.Control is missing
javax.microedition.media.Controllable is missing
javax.microedition.media.Manager is missing
javax.microedition.media.MediaException is missing
javax.microedition.media.Player is missing
javax.microedition.media.PlayerListener is missing
javax.microedition.media.control.ToneControl is missing
javax.microedition.media.control.VolumeControl is missing" type="junit.framework.AssertionFailedError">junit.framework.AssertionFailedError: javax.microedition.lcdui.Command number of Methods, Extra method(s) [setImage(javax.microedition.lcdui.Image)] expected:&lt;4&gt; but was:&lt;5&gt;
javax.microedition.lcdui.Font number of Methods, Extra method(s) [hashCode()] expected:&lt;16&gt; but was:&lt;17&gt;
javax.microedition.lcdui.List.getTicker()Ljavax/microedition/lcdui/Ticker; is Missing
javax.microedition.lcdui.List number of Methods expected:&lt;22&gt; but was:&lt;21&gt;
javax.microedition.media.Control is missing
javax.microedition.media.Controllable is missing
javax.microedition.media.Manager is missing
javax.microedition.media.MediaException is missing
javax.microedition.media.Player is missing
javax.microedition.media.PlayerListener is missing
javax.microedition.media.control.ToneControl is missing
javax.microedition.media.control.VolumeControl is missing
	at junit.framework.Assert.fail(Assert.java:47)
	at net.sf.jour.signature.SignatureTestCase.testAPIDeclaration(SignatureTestCase.java:56)
	at sun.reflect.NativeMethodAccessorImpl.invoke0(Native Method)
	at sun.reflect.NativeMethodAccessorImpl.invoke(NativeMethodAccessorImpl.java:39)
	at sun.reflect.DelegatingMethodAccessorImpl.invoke(DelegatingMethodAccessorImpl.java:25)
	at java.lang.reflect.Method.invoke(Method.java:597)
	at junit.framework.TestCase.runTest(TestCase.java:154)
	at junit.framework.TestCase.runBare(TestCase.java:127)
	at junit.framework.TestResult$1.protect(TestResult.java:106)
	at junit.framework.TestResult.runProtected(TestResult.java:124)
	at junit.framework.TestResult.run(TestResult.java:109)
	at junit.framework.TestCase.run(TestCase.java:118)
	at junit.framework.TestSuite.runTest(TestSuite.java:208)
	at junit.framework.TestSuite.run(TestSuite.java:203)
	at sun.reflect.NativeMethodAccessorImpl.invoke0(Native Method)
	at sun.reflect.NativeMethodAccessorImpl.invoke(NativeMethodAccessorImpl.java:39)
	at sun.reflect.DelegatingMethodAccessorImpl.invoke(DelegatingMethodAccessorImpl.java:25)
	at java.lang.reflect.Method.invoke(Method.java:597)
	at org.apache.maven.surefire.junit.JUnitTestSet.execute(JUnitTestSet.java:213)
	at org.apache.maven.surefire.suite.AbstractDirectoryTestSuite.executeTestSet(AbstractDirectoryTestSuite.java:140)
	at org.apache.maven.surefire.suite.AbstractDirectoryTestSuite.execute(AbstractDirectoryTestSuite.java:165)
	at org.apache.maven.surefire.Surefire.run(Surefire.java:107)
	at sun.reflect.NativeMethodAccessorImpl.invoke0(Native Method)
	at sun.reflect.NativeMethodAccessorImpl.invoke(NativeMethodAccessorImpl.java:39)
	at sun.reflect.DelegatingMethodAccessorImpl.invoke(DelegatingMethodAccessorImpl.java:25)
	at java.lang.reflect.Method.invoke(Method.java:597)
	at org.apache.maven.surefire.booter.SurefireBooter.runSuitesInProcess(SurefireBooter.java:289)
	at org.apache.maven.surefire.booter.SurefireBooter.main(SurefireBooter.java:1005)
</failure>
  </testcase>
</testsuite>