-------------------------------------------------------------------------------
Test set: javax.microedition.io.HttpsConnectionTest
-------------------------------------------------------------------------------
Tests run: 9, Failures: 0, Errors: 8, Skipped: 0, Time elapsed: 7.282 sec <<< FAILURE!
testConnection(javax.microedition.io.HttpsConnectionTest)  Time elapsed: 1.907 sec  <<< ERROR!
javax.net.ssl.SSLHandshakeException: sun.security.validator.ValidatorException: No trusted certificate found
	at com.sun.net.ssl.internal.ssl.Alerts.getSSLException(Alerts.java:174)
	at com.sun.net.ssl.internal.ssl.SSLSocketImpl.fatal(SSLSocketImpl.java:1747)
	at com.sun.net.ssl.internal.ssl.Handshaker.fatalSE(Handshaker.java:241)
	at com.sun.net.ssl.internal.ssl.Handshaker.fatalSE(Handshaker.java:235)
	at com.sun.net.ssl.internal.ssl.ClientHandshaker.serverCertificate(ClientHandshaker.java:1209)
	at com.sun.net.ssl.internal.ssl.ClientHandshaker.processMessage(ClientHandshaker.java:135)
	at com.sun.net.ssl.internal.ssl.Handshaker.processLoop(Handshaker.java:593)
	at com.sun.net.ssl.internal.ssl.Handshaker.process_record(Handshaker.java:529)
	at com.sun.net.ssl.internal.ssl.SSLSocketImpl.readRecord(SSLSocketImpl.java:943)
	at com.sun.net.ssl.internal.ssl.SSLSocketImpl.performInitialHandshake(SSLSocketImpl.java:1188)
	at com.sun.net.ssl.internal.ssl.SSLSocketImpl.startHandshake(SSLSocketImpl.java:1215)
	at com.sun.net.ssl.internal.ssl.SSLSocketImpl.startHandshake(SSLSocketImpl.java:1199)
	at sun.net.www.protocol.https.HttpsClient.afterConnect(HttpsClient.java:434)
	at sun.net.www.protocol.https.AbstractDelegateHttpsURLConnection.connect(AbstractDelegateHttpsURLConnection.java:166)
	at sun.net.www.protocol.https.HttpsURLConnectionImpl.connect(HttpsURLConnectionImpl.java:133)
	at org.microemu.cldc.http.Connection.getResponseCode(Connection.java:185)
	at javax.microedition.io.HttpsConnectionTest.testConnection(HttpsConnectionTest.java:49)
Caused by: sun.security.validator.ValidatorException: No trusted certificate found
	at sun.security.validator.SimpleValidator.buildTrustedChain(SimpleValidator.java:344)
	at sun.security.validator.SimpleValidator.engineValidate(SimpleValidator.java:109)
	at sun.security.validator.Validator.validate(Validator.java:218)
	at com.sun.net.ssl.internal.ssl.X509TrustManagerImpl.validate(X509TrustManagerImpl.java:126)
	at com.sun.net.ssl.internal.ssl.X509TrustManagerImpl.checkServerTrusted(X509TrustManagerImpl.java:209)
	at com.sun.net.ssl.internal.ssl.X509TrustManagerImpl.checkServerTrusted(X509TrustManagerImpl.java:249)
	at com.sun.net.ssl.internal.ssl.ClientHandshaker.serverCertificate(ClientHandshaker.java:1188)
	... 38 more

testSecurityInfo(javax.microedition.io.HttpsConnectionTest)  Time elapsed: 0.564 sec  <<< ERROR!
javax.net.ssl.SSLHandshakeException: sun.security.validator.ValidatorException: No trusted certificate found
	at com.sun.net.ssl.internal.ssl.Alerts.getSSLException(Alerts.java:174)
	at com.sun.net.ssl.internal.ssl.SSLSocketImpl.fatal(SSLSocketImpl.java:1747)
	at com.sun.net.ssl.internal.ssl.Handshaker.fatalSE(Handshaker.java:241)
	at com.sun.net.ssl.internal.ssl.Handshaker.fatalSE(Handshaker.java:235)
	at com.sun.net.ssl.internal.ssl.ClientHandshaker.serverCertificate(ClientHandshaker.java:1209)
	at com.sun.net.ssl.internal.ssl.ClientHandshaker.processMessage(ClientHandshaker.java:135)
	at com.sun.net.ssl.internal.ssl.Handshaker.processLoop(Handshaker.java:593)
	at com.sun.net.ssl.internal.ssl.Handshaker.process_record(Handshaker.java:529)
	at com.sun.net.ssl.internal.ssl.SSLSocketImpl.readRecord(SSLSocketImpl.java:943)
	at com.sun.net.ssl.internal.ssl.SSLSocketImpl.performInitialHandshake(SSLSocketImpl.java:1188)
	at com.sun.net.ssl.internal.ssl.SSLSocketImpl.startHandshake(SSLSocketImpl.java:1215)
	at com.sun.net.ssl.internal.ssl.SSLSocketImpl.startHandshake(SSLSocketImpl.java:1199)
	at sun.net.www.protocol.https.HttpsClient.afterConnect(HttpsClient.java:434)
	at sun.net.www.protocol.https.AbstractDelegateHttpsURLConnection.connect(AbstractDelegateHttpsURLConnection.java:166)
	at sun.net.www.protocol.https.HttpsURLConnectionImpl.connect(HttpsURLConnectionImpl.java:133)
	at org.microemu.cldc.http.Connection.getResponseCode(Connection.java:185)
	at javax.microedition.io.HttpsConnectionTest.testSecurityInfo(HttpsConnectionTest.java:62)
Caused by: sun.security.validator.ValidatorException: No trusted certificate found
	at sun.security.validator.SimpleValidator.buildTrustedChain(SimpleValidator.java:344)
	at sun.security.validator.SimpleValidator.engineValidate(SimpleValidator.java:109)
	at sun.security.validator.Validator.validate(Validator.java:218)
	at com.sun.net.ssl.internal.ssl.X509TrustManagerImpl.validate(X509TrustManagerImpl.java:126)
	at com.sun.net.ssl.internal.ssl.X509TrustManagerImpl.checkServerTrusted(X509TrustManagerImpl.java:209)
	at com.sun.net.ssl.internal.ssl.X509TrustManagerImpl.checkServerTrusted(X509TrustManagerImpl.java:249)
	at com.sun.net.ssl.internal.ssl.ClientHandshaker.serverCertificate(ClientHandshaker.java:1188)
	... 38 more

testResponseCode(javax.microedition.io.HttpsConnectionTest)  Time elapsed: 0.598 sec  <<< ERROR!
javax.net.ssl.SSLHandshakeException: sun.security.validator.ValidatorException: No trusted certificate found
	at com.sun.net.ssl.internal.ssl.Alerts.getSSLException(Alerts.java:174)
	at com.sun.net.ssl.internal.ssl.SSLSocketImpl.fatal(SSLSocketImpl.java:1747)
	at com.sun.net.ssl.internal.ssl.Handshaker.fatalSE(Handshaker.java:241)
	at com.sun.net.ssl.internal.ssl.Handshaker.fatalSE(Handshaker.java:235)
	at com.sun.net.ssl.internal.ssl.ClientHandshaker.serverCertificate(ClientHandshaker.java:1209)
	at com.sun.net.ssl.internal.ssl.ClientHandshaker.processMessage(ClientHandshaker.java:135)
	at com.sun.net.ssl.internal.ssl.Handshaker.processLoop(Handshaker.java:593)
	at com.sun.net.ssl.internal.ssl.Handshaker.process_record(Handshaker.java:529)
	at com.sun.net.ssl.internal.ssl.SSLSocketImpl.readRecord(SSLSocketImpl.java:943)
	at com.sun.net.ssl.internal.ssl.SSLSocketImpl.performInitialHandshake(SSLSocketImpl.java:1188)
	at com.sun.net.ssl.internal.ssl.SSLSocketImpl.startHandshake(SSLSocketImpl.java:1215)
	at com.sun.net.ssl.internal.ssl.SSLSocketImpl.startHandshake(SSLSocketImpl.java:1199)
	at sun.net.www.protocol.https.HttpsClient.afterConnect(HttpsClient.java:434)
	at sun.net.www.protocol.https.AbstractDelegateHttpsURLConnection.connect(AbstractDelegateHttpsURLConnection.java:166)
	at sun.net.www.protocol.https.HttpsURLConnectionImpl.connect(HttpsURLConnectionImpl.java:133)
	at org.microemu.cldc.http.Connection.getResponseCode(Connection.java:185)
	at javax.microedition.io.BaseTestHttpConnection.testResponseCode(BaseTestHttpConnection.java:85)
	at sun.reflect.NativeMethodAccessorImpl.invoke0(Native Method)
	at sun.reflect.NativeMethodAccessorImpl.invoke(NativeMethodAccessorImpl.java:39)
	at sun.reflect.DelegatingMethodAccessorImpl.invoke(DelegatingMethodAccessorImpl.java:25)
	at java.lang.reflect.Method.invoke(Method.java:597)
	at junit.framework.TestCase.runTest(TestCase.java:154)
	at junit.framework.TestCase.runBare(TestCase.java:127)
	at junit.framework.TestResult$1.protect(TestResult.java:106)
	at junit.framework.TestResult.runProtected(TestResult.java:124)
	at junit.framework.TestResult.run(TestResult.java:109)
	at junit.framework.TestCase.run(TestCase.java:118)
	at junit.framework.TestSuite.runTest(TestSuite.java:208)
	at junit.framework.TestSuite.run(TestSuite.java:203)
	at sun.reflect.NativeMethodAccessorImpl.invoke0(Native Method)
	at sun.reflect.NativeMethodAccessorImpl.invoke(NativeMethodAccessorImpl.java:39)
	at sun.reflect.DelegatingMethodAccessorImpl.invoke(DelegatingMethodAccessorImpl.java:25)
	at java.lang.reflect.Method.invoke(Method.java:597)
	at org.apache.maven.surefire.junit.JUnitTestSet.execute(JUnitTestSet.java:213)
	at org.apache.maven.surefire.suite.AbstractDirectoryTestSuite.executeTestSet(AbstractDirectoryTestSuite.java:140)
	at org.apache.maven.surefire.suite.AbstractDirectoryTestSuite.execute(AbstractDirectoryTestSuite.java:165)
	at org.apache.maven.surefire.Surefire.run(Surefire.java:107)
	at sun.reflect.NativeMethodAccessorImpl.invoke0(Native Method)
	at sun.reflect.NativeMethodAccessorImpl.invoke(NativeMethodAccessorImpl.java:39)
	at sun.reflect.DelegatingMethodAccessorImpl.invoke(DelegatingMethodAccessorImpl.java:25)
	at java.lang.reflect.Method.invoke(Method.java:597)
	at org.apache.maven.surefire.booter.SurefireBooter.runSuitesInProcess(SurefireBooter.java:289)
	at org.apache.maven.surefire.booter.SurefireBooter.main(SurefireBooter.java:1005)
Caused by: sun.security.validator.ValidatorException: No trusted certificate found
	at sun.security.validator.SimpleValidator.buildTrustedChain(SimpleValidator.java:344)
	at sun.security.validator.SimpleValidator.engineValidate(SimpleValidator.java:109)
	at sun.security.validator.Validator.validate(Validator.java:218)
	at com.sun.net.ssl.internal.ssl.X509TrustManagerImpl.validate(X509TrustManagerImpl.java:126)
	at com.sun.net.ssl.internal.ssl.X509TrustManagerImpl.checkServerTrusted(X509TrustManagerImpl.java:209)
	at com.sun.net.ssl.internal.ssl.X509TrustManagerImpl.checkServerTrusted(X509TrustManagerImpl.java:249)
	at com.sun.net.ssl.internal.ssl.ClientHandshaker.serverCertificate(ClientHandshaker.java:1188)
	... 38 more
Caused by: sun.security.validator.ValidatorException: No trusted certificate found
	at sun.security.validator.SimpleValidator.buildTrustedChain(SimpleValidator.java:344)
	at sun.security.validator.SimpleValidator.engineValidate(SimpleValidator.java:109)
	at sun.security.validator.Validator.validate(Validator.java:218)
	at com.sun.net.ssl.internal.ssl.X509TrustManagerImpl.validate(X509TrustManagerImpl.java:126)
	at com.sun.net.ssl.internal.ssl.X509TrustManagerImpl.checkServerTrusted(X509TrustManagerImpl.java:209)
	at com.sun.net.ssl.internal.ssl.X509TrustManagerImpl.checkServerTrusted(X509TrustManagerImpl.java:249)
	at com.sun.net.ssl.internal.ssl.ClientHandshaker.serverCertificate(ClientHandshaker.java:1188)
	... 38 more

testInputStream(javax.microedition.io.HttpsConnectionTest)  Time elapsed: 0.557 sec  <<< ERROR!
javax.net.ssl.SSLHandshakeException: sun.security.validator.ValidatorException: No trusted certificate found
	at com.sun.net.ssl.internal.ssl.Alerts.getSSLException(Alerts.java:174)
	at com.sun.net.ssl.internal.ssl.SSLSocketImpl.fatal(SSLSocketImpl.java:1747)
	at com.sun.net.ssl.internal.ssl.Handshaker.fatalSE(Handshaker.java:241)
	at com.sun.net.ssl.internal.ssl.Handshaker.fatalSE(Handshaker.java:235)
	at com.sun.net.ssl.internal.ssl.ClientHandshaker.serverCertificate(ClientHandshaker.java:1209)
	at com.sun.net.ssl.internal.ssl.ClientHandshaker.processMessage(ClientHandshaker.java:135)
	at com.sun.net.ssl.internal.ssl.Handshaker.processLoop(Handshaker.java:593)
	at com.sun.net.ssl.internal.ssl.Handshaker.process_record(Handshaker.java:529)
	at com.sun.net.ssl.internal.ssl.SSLSocketImpl.readRecord(SSLSocketImpl.java:943)
	at com.sun.net.ssl.internal.ssl.SSLSocketImpl.performInitialHandshake(SSLSocketImpl.java:1188)
	at com.sun.net.ssl.internal.ssl.SSLSocketImpl.startHandshake(SSLSocketImpl.java:1215)
	at com.sun.net.ssl.internal.ssl.SSLSocketImpl.startHandshake(SSLSocketImpl.java:1199)
	at sun.net.www.protocol.https.HttpsClient.afterConnect(HttpsClient.java:434)
	at sun.net.www.protocol.https.AbstractDelegateHttpsURLConnection.connect(AbstractDelegateHttpsURLConnection.java:166)
	at sun.net.www.protocol.https.HttpsURLConnectionImpl.connect(HttpsURLConnectionImpl.java:133)
	at org.microemu.cldc.http.Connection.getResponseCode(Connection.java:185)
	at javax.microedition.io.BaseTestHttpConnection.testInputStream(BaseTestHttpConnection.java:94)
	at sun.reflect.NativeMethodAccessorImpl.invoke0(Native Method)
	at sun.reflect.NativeMethodAccessorImpl.invoke(NativeMethodAccessorImpl.java:39)
	at sun.reflect.DelegatingMethodAccessorImpl.invoke(DelegatingMethodAccessorImpl.java:25)
	at java.lang.reflect.Method.invoke(Method.java:597)
	at junit.framework.TestCase.runTest(TestCase.java:154)
	at junit.framework.TestCase.runBare(TestCase.java:127)
	at junit.framework.TestResult$1.protect(TestResult.java:106)
	at junit.framework.TestResult.runProtected(TestResult.java:124)
	at junit.framework.TestResult.run(TestResult.java:109)
	at junit.framework.TestCase.run(TestCase.java:118)
	at junit.framework.TestSuite.runTest(TestSuite.java:208)
	at junit.framework.TestSuite.run(TestSuite.java:203)
	at sun.reflect.NativeMethodAccessorImpl.invoke0(Native Method)
	at sun.reflect.NativeMethodAccessorImpl.invoke(NativeMethodAccessorImpl.java:39)
	at sun.reflect.DelegatingMethodAccessorImpl.invoke(DelegatingMethodAccessorImpl.java:25)
	at java.lang.reflect.Method.invoke(Method.java:597)
	at org.apache.maven.surefire.junit.JUnitTestSet.execute(JUnitTestSet.java:213)
	at org.apache.maven.surefire.suite.AbstractDirectoryTestSuite.executeTestSet(AbstractDirectoryTestSuite.java:140)
	at org.apache.maven.surefire.suite.AbstractDirectoryTestSuite.execute(AbstractDirectoryTestSuite.java:165)
	at org.apache.maven.surefire.Surefire.run(Surefire.java:107)
	at sun.reflect.NativeMethodAccessorImpl.invoke0(Native Method)
	at sun.reflect.NativeMethodAccessorImpl.invoke(NativeMethodAccessorImpl.java:39)
	at sun.reflect.DelegatingMethodAccessorImpl.invoke(DelegatingMethodAccessorImpl.java:25)
	at java.lang.reflect.Method.invoke(Method.java:597)
	at org.apache.maven.surefire.booter.SurefireBooter.runSuitesInProcess(SurefireBooter.java:289)
	at org.apache.maven.surefire.booter.SurefireBooter.main(SurefireBooter.java:1005)
Caused by: sun.security.validator.ValidatorException: No trusted certificate found
	at sun.security.validator.SimpleValidator.buildTrustedChain(SimpleValidator.java:344)
	at sun.security.validator.SimpleValidator.engineValidate(SimpleValidator.java:109)
	at sun.security.validator.Validator.validate(Validator.java:218)
	at com.sun.net.ssl.internal.ssl.X509TrustManagerImpl.validate(X509TrustManagerImpl.java:126)
	at com.sun.net.ssl.internal.ssl.X509TrustManagerImpl.checkServerTrusted(X509TrustManagerImpl.java:209)
	at com.sun.net.ssl.internal.ssl.X509TrustManagerImpl.checkServerTrusted(X509TrustManagerImpl.java:249)
	at com.sun.net.ssl.internal.ssl.ClientHandshaker.serverCertificate(ClientHandshaker.java:1188)
	... 38 more
Caused by: sun.security.validator.ValidatorException: No trusted certificate found
	at sun.security.validator.SimpleValidator.buildTrustedChain(SimpleValidator.java:344)
	at sun.security.validator.SimpleValidator.engineValidate(SimpleValidator.java:109)
	at sun.security.validator.Validator.validate(Validator.java:218)
	at com.sun.net.ssl.internal.ssl.X509TrustManagerImpl.validate(X509TrustManagerImpl.java:126)
	at com.sun.net.ssl.internal.ssl.X509TrustManagerImpl.checkServerTrusted(X509TrustManagerImpl.java:209)
	at com.sun.net.ssl.internal.ssl.X509TrustManagerImpl.checkServerTrusted(X509TrustManagerImpl.java:249)
	at com.sun.net.ssl.internal.ssl.ClientHandshaker.serverCertificate(ClientHandshaker.java:1188)
	... 38 more

testDataInputStream(javax.microedition.io.HttpsConnectionTest)  Time elapsed: 0.585 sec  <<< ERROR!
javax.net.ssl.SSLHandshakeException: sun.security.validator.ValidatorException: No trusted certificate found
	at com.sun.net.ssl.internal.ssl.Alerts.getSSLException(Alerts.java:174)
	at com.sun.net.ssl.internal.ssl.SSLSocketImpl.fatal(SSLSocketImpl.java:1747)
	at com.sun.net.ssl.internal.ssl.Handshaker.fatalSE(Handshaker.java:241)
	at com.sun.net.ssl.internal.ssl.Handshaker.fatalSE(Handshaker.java:235)
	at com.sun.net.ssl.internal.ssl.ClientHandshaker.serverCertificate(ClientHandshaker.java:1209)
	at com.sun.net.ssl.internal.ssl.ClientHandshaker.processMessage(ClientHandshaker.java:135)
	at com.sun.net.ssl.internal.ssl.Handshaker.processLoop(Handshaker.java:593)
	at com.sun.net.ssl.internal.ssl.Handshaker.process_record(Handshaker.java:529)
	at com.sun.net.ssl.internal.ssl.SSLSocketImpl.readRecord(SSLSocketImpl.java:943)
	at com.sun.net.ssl.internal.ssl.SSLSocketImpl.performInitialHandshake(SSLSocketImpl.java:1188)
	at com.sun.net.ssl.internal.ssl.SSLSocketImpl.startHandshake(SSLSocketImpl.java:1215)
	at com.sun.net.ssl.internal.ssl.SSLSocketImpl.startHandshake(SSLSocketImpl.java:1199)
	at sun.net.www.protocol.https.HttpsClient.afterConnect(HttpsClient.java:434)
	at sun.net.www.protocol.https.AbstractDelegateHttpsURLConnection.connect(AbstractDelegateHttpsURLConnection.java:166)
	at sun.net.www.protocol.https.HttpsURLConnectionImpl.connect(HttpsURLConnectionImpl.java:133)
	at org.microemu.cldc.http.Connection.getResponseCode(Connection.java:185)
	at javax.microedition.io.BaseTestHttpConnection.testDataInputStream(BaseTestHttpConnection.java:125)
	at sun.reflect.NativeMethodAccessorImpl.invoke0(Native Method)
	at sun.reflect.NativeMethodAccessorImpl.invoke(NativeMethodAccessorImpl.java:39)
	at sun.reflect.DelegatingMethodAccessorImpl.invoke(DelegatingMethodAccessorImpl.java:25)
	at java.lang.reflect.Method.invoke(Method.java:597)
	at junit.framework.TestCase.runTest(TestCase.java:154)
	at junit.framework.TestCase.runBare(TestCase.java:127)
	at junit.framework.TestResult$1.protect(TestResult.java:106)
	at junit.framework.TestResult.runProtected(TestResult.java:124)
	at junit.framework.TestResult.run(TestResult.java:109)
	at junit.framework.TestCase.run(TestCase.java:118)
	at junit.framework.TestSuite.runTest(TestSuite.java:208)
	at junit.framework.TestSuite.run(TestSuite.java:203)
	at sun.reflect.NativeMethodAccessorImpl.invoke0(Native Method)
	at sun.reflect.NativeMethodAccessorImpl.invoke(NativeMethodAccessorImpl.java:39)
	at sun.reflect.DelegatingMethodAccessorImpl.invoke(DelegatingMethodAccessorImpl.java:25)
	at java.lang.reflect.Method.invoke(Method.java:597)
	at org.apache.maven.surefire.junit.JUnitTestSet.execute(JUnitTestSet.java:213)
	at org.apache.maven.surefire.suite.AbstractDirectoryTestSuite.executeTestSet(AbstractDirectoryTestSuite.java:140)
	at org.apache.maven.surefire.suite.AbstractDirectoryTestSuite.execute(AbstractDirectoryTestSuite.java:165)
	at org.apache.maven.surefire.Surefire.run(Surefire.java:107)
	at sun.reflect.NativeMethodAccessorImpl.invoke0(Native Method)
	at sun.reflect.NativeMethodAccessorImpl.invoke(NativeMethodAccessorImpl.java:39)
	at sun.reflect.DelegatingMethodAccessorImpl.invoke(DelegatingMethodAccessorImpl.java:25)
	at java.lang.reflect.Method.invoke(Method.java:597)
	at org.apache.maven.surefire.booter.SurefireBooter.runSuitesInProcess(SurefireBooter.java:289)
	at org.apache.maven.surefire.booter.SurefireBooter.main(SurefireBooter.java:1005)
Caused by: sun.security.validator.ValidatorException: No trusted certificate found
	at sun.security.validator.SimpleValidator.buildTrustedChain(SimpleValidator.java:344)
	at sun.security.validator.SimpleValidator.engineValidate(SimpleValidator.java:109)
	at sun.security.validator.Validator.validate(Validator.java:218)
	at com.sun.net.ssl.internal.ssl.X509TrustManagerImpl.validate(X509TrustManagerImpl.java:126)
	at com.sun.net.ssl.internal.ssl.X509TrustManagerImpl.checkServerTrusted(X509TrustManagerImpl.java:209)
	at com.sun.net.ssl.internal.ssl.X509TrustManagerImpl.checkServerTrusted(X509TrustManagerImpl.java:249)
	at com.sun.net.ssl.internal.ssl.ClientHandshaker.serverCertificate(ClientHandshaker.java:1188)
	... 38 more
Caused by: sun.security.validator.ValidatorException: No trusted certificate found
	at sun.security.validator.SimpleValidator.buildTrustedChain(SimpleValidator.java:344)
	at sun.security.validator.SimpleValidator.engineValidate(SimpleValidator.java:109)
	at sun.security.validator.Validator.validate(Validator.java:218)
	at com.sun.net.ssl.internal.ssl.X509TrustManagerImpl.validate(X509TrustManagerImpl.java:126)
	at com.sun.net.ssl.internal.ssl.X509TrustManagerImpl.checkServerTrusted(X509TrustManagerImpl.java:209)
	at com.sun.net.ssl.internal.ssl.X509TrustManagerImpl.checkServerTrusted(X509TrustManagerImpl.java:249)
	at com.sun.net.ssl.internal.ssl.ClientHandshaker.serverCertificate(ClientHandshaker.java:1188)
	... 38 more

testContentConnection(javax.microedition.io.HttpsConnectionTest)  Time elapsed: 0.551 sec  <<< ERROR!
javax.net.ssl.SSLHandshakeException: sun.security.validator.ValidatorException: No trusted certificate found
	at com.sun.net.ssl.internal.ssl.Alerts.getSSLException(Alerts.java:174)
	at com.sun.net.ssl.internal.ssl.SSLSocketImpl.fatal(SSLSocketImpl.java:1747)
	at com.sun.net.ssl.internal.ssl.Handshaker.fatalSE(Handshaker.java:241)
	at com.sun.net.ssl.internal.ssl.Handshaker.fatalSE(Handshaker.java:235)
	at com.sun.net.ssl.internal.ssl.ClientHandshaker.serverCertificate(ClientHandshaker.java:1209)
	at com.sun.net.ssl.internal.ssl.ClientHandshaker.processMessage(ClientHandshaker.java:135)
	at com.sun.net.ssl.internal.ssl.Handshaker.processLoop(Handshaker.java:593)
	at com.sun.net.ssl.internal.ssl.Handshaker.process_record(Handshaker.java:529)
	at com.sun.net.ssl.internal.ssl.SSLSocketImpl.readRecord(SSLSocketImpl.java:943)
	at com.sun.net.ssl.internal.ssl.SSLSocketImpl.performInitialHandshake(SSLSocketImpl.java:1188)
	at com.sun.net.ssl.internal.ssl.SSLSocketImpl.startHandshake(SSLSocketImpl.java:1215)
	at com.sun.net.ssl.internal.ssl.SSLSocketImpl.startHandshake(SSLSocketImpl.java:1199)
	at sun.net.www.protocol.https.HttpsClient.afterConnect(HttpsClient.java:434)
	at sun.net.www.protocol.https.AbstractDelegateHttpsURLConnection.connect(AbstractDelegateHttpsURLConnection.java:166)
	at sun.net.www.protocol.https.HttpsURLConnectionImpl.connect(HttpsURLConnectionImpl.java:133)
	at org.microemu.cldc.http.Connection.getResponseCode(Connection.java:185)
	at javax.microedition.io.BaseTestHttpConnection.testContentConnection(BaseTestHttpConnection.java:136)
	at sun.reflect.NativeMethodAccessorImpl.invoke0(Native Method)
	at sun.reflect.NativeMethodAccessorImpl.invoke(NativeMethodAccessorImpl.java:39)
	at sun.reflect.DelegatingMethodAccessorImpl.invoke(DelegatingMethodAccessorImpl.java:25)
	at java.lang.reflect.Method.invoke(Method.java:597)
	at junit.framework.TestCase.runTest(TestCase.java:154)
	at junit.framework.TestCase.runBare(TestCase.java:127)
	at junit.framework.TestResult$1.protect(TestResult.java:106)
	at junit.framework.TestResult.runProtected(TestResult.java:124)
	at junit.framework.TestResult.run(TestResult.java:109)
	at junit.framework.TestCase.run(TestCase.java:118)
	at junit.framework.TestSuite.runTest(TestSuite.java:208)
	at junit.framework.TestSuite.run(TestSuite.java:203)
	at sun.reflect.NativeMethodAccessorImpl.invoke0(Native Method)
	at sun.reflect.NativeMethodAccessorImpl.invoke(NativeMethodAccessorImpl.java:39)
	at sun.reflect.DelegatingMethodAccessorImpl.invoke(DelegatingMethodAccessorImpl.java:25)
	at java.lang.reflect.Method.invoke(Method.java:597)
	at org.apache.maven.surefire.junit.JUnitTestSet.execute(JUnitTestSet.java:213)
	at org.apache.maven.surefire.suite.AbstractDirectoryTestSuite.executeTestSet(AbstractDirectoryTestSuite.java:140)
	at org.apache.maven.surefire.suite.AbstractDirectoryTestSuite.execute(AbstractDirectoryTestSuite.java:165)
	at org.apache.maven.surefire.Surefire.run(Surefire.java:107)
	at sun.reflect.NativeMethodAccessorImpl.invoke0(Native Method)
	at sun.reflect.NativeMethodAccessorImpl.invoke(NativeMethodAccessorImpl.java:39)
	at sun.reflect.DelegatingMethodAccessorImpl.invoke(DelegatingMethodAccessorImpl.java:25)
	at java.lang.reflect.Method.invoke(Method.java:597)
	at org.apache.maven.surefire.booter.SurefireBooter.runSuitesInProcess(SurefireBooter.java:289)
	at org.apache.maven.surefire.booter.SurefireBooter.main(SurefireBooter.java:1005)
Caused by: sun.security.validator.ValidatorException: No trusted certificate found
	at sun.security.validator.SimpleValidator.buildTrustedChain(SimpleValidator.java:344)
	at sun.security.validator.SimpleValidator.engineValidate(SimpleValidator.java:109)
	at sun.security.validator.Validator.validate(Validator.java:218)
	at com.sun.net.ssl.internal.ssl.X509TrustManagerImpl.validate(X509TrustManagerImpl.java:126)
	at com.sun.net.ssl.internal.ssl.X509TrustManagerImpl.checkServerTrusted(X509TrustManagerImpl.java:209)
	at com.sun.net.ssl.internal.ssl.X509TrustManagerImpl.checkServerTrusted(X509TrustManagerImpl.java:249)
	at com.sun.net.ssl.internal.ssl.ClientHandshaker.serverCertificate(ClientHandshaker.java:1188)
	... 38 more
Caused by: sun.security.validator.ValidatorException: No trusted certificate found
	at sun.security.validator.SimpleValidator.buildTrustedChain(SimpleValidator.java:344)
	at sun.security.validator.SimpleValidator.engineValidate(SimpleValidator.java:109)
	at sun.security.validator.Validator.validate(Validator.java:218)
	at com.sun.net.ssl.internal.ssl.X509TrustManagerImpl.validate(X509TrustManagerImpl.java:126)
	at com.sun.net.ssl.internal.ssl.X509TrustManagerImpl.checkServerTrusted(X509TrustManagerImpl.java:209)
	at com.sun.net.ssl.internal.ssl.X509TrustManagerImpl.checkServerTrusted(X509TrustManagerImpl.java:249)
	at com.sun.net.ssl.internal.ssl.ClientHandshaker.serverCertificate(ClientHandshaker.java:1188)
	... 38 more

testHeaders(javax.microedition.io.HttpsConnectionTest)  Time elapsed: 0.579 sec  <<< ERROR!
javax.net.ssl.SSLHandshakeException: sun.security.validator.ValidatorException: No trusted certificate found
	at com.sun.net.ssl.internal.ssl.Alerts.getSSLException(Alerts.java:174)
	at com.sun.net.ssl.internal.ssl.SSLSocketImpl.fatal(SSLSocketImpl.java:1747)
	at com.sun.net.ssl.internal.ssl.Handshaker.fatalSE(Handshaker.java:241)
	at com.sun.net.ssl.internal.ssl.Handshaker.fatalSE(Handshaker.java:235)
	at com.sun.net.ssl.internal.ssl.ClientHandshaker.serverCertificate(ClientHandshaker.java:1209)
	at com.sun.net.ssl.internal.ssl.ClientHandshaker.processMessage(ClientHandshaker.java:135)
	at com.sun.net.ssl.internal.ssl.Handshaker.processLoop(Handshaker.java:593)
	at com.sun.net.ssl.internal.ssl.Handshaker.process_record(Handshaker.java:529)
	at com.sun.net.ssl.internal.ssl.SSLSocketImpl.readRecord(SSLSocketImpl.java:943)
	at com.sun.net.ssl.internal.ssl.SSLSocketImpl.performInitialHandshake(SSLSocketImpl.java:1188)
	at com.sun.net.ssl.internal.ssl.SSLSocketImpl.startHandshake(SSLSocketImpl.java:1215)
	at com.sun.net.ssl.internal.ssl.SSLSocketImpl.startHandshake(SSLSocketImpl.java:1199)
	at sun.net.www.protocol.https.HttpsClient.afterConnect(HttpsClient.java:434)
	at sun.net.www.protocol.https.AbstractDelegateHttpsURLConnection.connect(AbstractDelegateHttpsURLConnection.java:166)
	at sun.net.www.protocol.https.HttpsURLConnectionImpl.connect(HttpsURLConnectionImpl.java:133)
	at org.microemu.cldc.http.Connection.getResponseCode(Connection.java:185)
	at javax.microedition.io.BaseTestHttpConnection.testHeaders(BaseTestHttpConnection.java:161)
	at sun.reflect.NativeMethodAccessorImpl.invoke0(Native Method)
	at sun.reflect.NativeMethodAccessorImpl.invoke(NativeMethodAccessorImpl.java:39)
	at sun.reflect.DelegatingMethodAccessorImpl.invoke(DelegatingMethodAccessorImpl.java:25)
	at java.lang.reflect.Method.invoke(Method.java:597)
	at junit.framework.TestCase.runTest(TestCase.java:154)
	at junit.framework.TestCase.runBare(TestCase.java:127)
	at junit.framework.TestResult$1.protect(TestResult.java:106)
	at junit.framework.TestResult.runProtected(TestResult.java:124)
	at junit.framework.TestResult.run(TestResult.java:109)
	at junit.framework.TestCase.run(TestCase.java:118)
	at junit.framework.TestSuite.runTest(TestSuite.java:208)
	at junit.framework.TestSuite.run(TestSuite.java:203)
	at sun.reflect.NativeMethodAccessorImpl.invoke0(Native Method)
	at sun.reflect.NativeMethodAccessorImpl.invoke(NativeMethodAccessorImpl.java:39)
	at sun.reflect.DelegatingMethodAccessorImpl.invoke(DelegatingMethodAccessorImpl.java:25)
	at java.lang.reflect.Method.invoke(Method.java:597)
	at org.apache.maven.surefire.junit.JUnitTestSet.execute(JUnitTestSet.java:213)
	at org.apache.maven.surefire.suite.AbstractDirectoryTestSuite.executeTestSet(AbstractDirectoryTestSuite.java:140)
	at org.apache.maven.surefire.suite.AbstractDirectoryTestSuite.execute(AbstractDirectoryTestSuite.java:165)
	at org.apache.maven.surefire.Surefire.run(Surefire.java:107)
	at sun.reflect.NativeMethodAccessorImpl.invoke0(Native Method)
	at sun.reflect.NativeMethodAccessorImpl.invoke(NativeMethodAccessorImpl.java:39)
	at sun.reflect.DelegatingMethodAccessorImpl.invoke(DelegatingMethodAccessorImpl.java:25)
	at java.lang.reflect.Method.invoke(Method.java:597)
	at org.apache.maven.surefire.booter.SurefireBooter.runSuitesInProcess(SurefireBooter.java:289)
	at org.apache.maven.surefire.booter.SurefireBooter.main(SurefireBooter.java:1005)
Caused by: sun.security.validator.ValidatorException: No trusted certificate found
	at sun.security.validator.SimpleValidator.buildTrustedChain(SimpleValidator.java:344)
	at sun.security.validator.SimpleValidator.engineValidate(SimpleValidator.java:109)
	at sun.security.validator.Validator.validate(Validator.java:218)
	at com.sun.net.ssl.internal.ssl.X509TrustManagerImpl.validate(X509TrustManagerImpl.java:126)
	at com.sun.net.ssl.internal.ssl.X509TrustManagerImpl.checkServerTrusted(X509TrustManagerImpl.java:209)
	at com.sun.net.ssl.internal.ssl.X509TrustManagerImpl.checkServerTrusted(X509TrustManagerImpl.java:249)
	at com.sun.net.ssl.internal.ssl.ClientHandshaker.serverCertificate(ClientHandshaker.java:1188)
	... 38 more
Caused by: sun.security.validator.ValidatorException: No trusted certificate found
	at sun.security.validator.SimpleValidator.buildTrustedChain(SimpleValidator.java:344)
	at sun.security.validator.SimpleValidator.engineValidate(SimpleValidator.java:109)
	at sun.security.validator.Validator.validate(Validator.java:218)
	at com.sun.net.ssl.internal.ssl.X509TrustManagerImpl.validate(X509TrustManagerImpl.java:126)
	at com.sun.net.ssl.internal.ssl.X509TrustManagerImpl.checkServerTrusted(X509TrustManagerImpl.java:209)
	at com.sun.net.ssl.internal.ssl.X509TrustManagerImpl.checkServerTrusted(X509TrustManagerImpl.java:249)
	at com.sun.net.ssl.internal.ssl.ClientHandshaker.serverCertificate(ClientHandshaker.java:1188)
	... 38 more

testBody(javax.microedition.io.HttpsConnectionTest)  Time elapsed: 0.561 sec  <<< ERROR!
javax.net.ssl.SSLHandshakeException: sun.security.validator.ValidatorException: No trusted certificate found
	at com.sun.net.ssl.internal.ssl.Alerts.getSSLException(Alerts.java:174)
	at com.sun.net.ssl.internal.ssl.SSLSocketImpl.fatal(SSLSocketImpl.java:1747)
	at com.sun.net.ssl.internal.ssl.Handshaker.fatalSE(Handshaker.java:241)
	at com.sun.net.ssl.internal.ssl.Handshaker.fatalSE(Handshaker.java:235)
	at com.sun.net.ssl.internal.ssl.ClientHandshaker.serverCertificate(ClientHandshaker.java:1209)
	at com.sun.net.ssl.internal.ssl.ClientHandshaker.processMessage(ClientHandshaker.java:135)
	at com.sun.net.ssl.internal.ssl.Handshaker.processLoop(Handshaker.java:593)
	at com.sun.net.ssl.internal.ssl.Handshaker.process_record(Handshaker.java:529)
	at com.sun.net.ssl.internal.ssl.SSLSocketImpl.readRecord(SSLSocketImpl.java:943)
	at com.sun.net.ssl.internal.ssl.SSLSocketImpl.performInitialHandshake(SSLSocketImpl.java:1188)
	at com.sun.net.ssl.internal.ssl.SSLSocketImpl.startHandshake(SSLSocketImpl.java:1215)
	at com.sun.net.ssl.internal.ssl.SSLSocketImpl.startHandshake(SSLSocketImpl.java:1199)
	at sun.net.www.protocol.https.HttpsClient.afterConnect(HttpsClient.java:434)
	at sun.net.www.protocol.https.AbstractDelegateHttpsURLConnection.connect(AbstractDelegateHttpsURLConnection.java:166)
	at sun.net.www.protocol.http.HttpURLConnection.getOutputStream(HttpURLConnection.java:1031)
	at sun.net.www.protocol.https.HttpsURLConnectionImpl.getOutputStream(HttpsURLConnectionImpl.java:230)
	at org.microemu.cldc.http.Connection.openOutputStream(Connection.java:336)
	at javax.microedition.io.BaseTestHttpConnection.sendData(BaseTestHttpConnection.java:202)
	at javax.microedition.io.BaseTestHttpConnection.testBody(BaseTestHttpConnection.java:215)
	at sun.reflect.NativeMethodAccessorImpl.invoke0(Native Method)
	at sun.reflect.NativeMethodAccessorImpl.invoke(NativeMethodAccessorImpl.java:39)
	at sun.reflect.DelegatingMethodAccessorImpl.invoke(DelegatingMethodAccessorImpl.java:25)
	at java.lang.reflect.Method.invoke(Method.java:597)
	at junit.framework.TestCase.runTest(TestCase.java:154)
	at junit.framework.TestCase.runBare(TestCase.java:127)
	at junit.framework.TestResult$1.protect(TestResult.java:106)
	at junit.framework.TestResult.runProtected(TestResult.java:124)
	at junit.framework.TestResult.run(TestResult.java:109)
	at junit.framework.TestCase.run(TestCase.java:118)
	at junit.framework.TestSuite.runTest(TestSuite.java:208)
	at junit.framework.TestSuite.run(TestSuite.java:203)
	at sun.reflect.NativeMethodAccessorImpl.invoke0(Native Method)
	at sun.reflect.NativeMethodAccessorImpl.invoke(NativeMethodAccessorImpl.java:39)
	at sun.reflect.DelegatingMethodAccessorImpl.invoke(DelegatingMethodAccessorImpl.java:25)
	at java.lang.reflect.Method.invoke(Method.java:597)
	at org.apache.maven.surefire.junit.JUnitTestSet.execute(JUnitTestSet.java:213)
	at org.apache.maven.surefire.suite.AbstractDirectoryTestSuite.executeTestSet(AbstractDirectoryTestSuite.java:140)
	at org.apache.maven.surefire.suite.AbstractDirectoryTestSuite.execute(AbstractDirectoryTestSuite.java:165)
	at org.apache.maven.surefire.Surefire.run(Surefire.java:107)
	at sun.reflect.NativeMethodAccessorImpl.invoke0(Native Method)
	at sun.reflect.NativeMethodAccessorImpl.invoke(NativeMethodAccessorImpl.java:39)
	at sun.reflect.DelegatingMethodAccessorImpl.invoke(DelegatingMethodAccessorImpl.java:25)
	at java.lang.reflect.Method.invoke(Method.java:597)
	at org.apache.maven.surefire.booter.SurefireBooter.runSuitesInProcess(SurefireBooter.java:289)
	at org.apache.maven.surefire.booter.SurefireBooter.main(SurefireBooter.java:1005)
Caused by: sun.security.validator.ValidatorException: No trusted certificate found
	at sun.security.validator.SimpleValidator.buildTrustedChain(SimpleValidator.java:344)
	at sun.security.validator.SimpleValidator.engineValidate(SimpleValidator.java:109)
	at sun.security.validator.Validator.validate(Validator.java:218)
	at com.sun.net.ssl.internal.ssl.X509TrustManagerImpl.validate(X509TrustManagerImpl.java:126)
	at com.sun.net.ssl.internal.ssl.X509TrustManagerImpl.checkServerTrusted(X509TrustManagerImpl.java:209)
	at com.sun.net.ssl.internal.ssl.X509TrustManagerImpl.checkServerTrusted(X509TrustManagerImpl.java:249)
	at com.sun.net.ssl.internal.ssl.ClientHandshaker.serverCertificate(ClientHandshaker.java:1188)
	... 40 more
Caused by: sun.security.validator.ValidatorException: No trusted certificate found
	at sun.security.validator.SimpleValidator.buildTrustedChain(SimpleValidator.java:344)
	at sun.security.validator.SimpleValidator.engineValidate(SimpleValidator.java:109)
	at sun.security.validator.Validator.validate(Validator.java:218)
	at com.sun.net.ssl.internal.ssl.X509TrustManagerImpl.validate(X509TrustManagerImpl.java:126)
	at com.sun.net.ssl.internal.ssl.X509TrustManagerImpl.checkServerTrusted(X509TrustManagerImpl.java:209)
	at com.sun.net.ssl.internal.ssl.X509TrustManagerImpl.checkServerTrusted(X509TrustManagerImpl.java:249)
	at com.sun.net.ssl.internal.ssl.ClientHandshaker.serverCertificate(ClientHandshaker.java:1188)
	... 40 more

