<?xml version="1.0" encoding="UTF-8" ?>
<testsuite failures="1" time="0.19" errors="5" skipped="0" tests="7" name="org.microemu.cldc.datagram.ConnectionTest">
  <properties>
[...]
</properties>
  <testcase time="0.083" classname="org.microemu.cldc.datagram.ConnectionTest" name="testNewDatagramInt">
    <error message="Invalid Protocol localhost:1234" type="java.lang.IllegalArgumentException">java.lang.IllegalArgumentException: Invalid Protocol localhost:1234
	at org.microemu.cldc.datagram.Connection.newDatagram(Connection.java:84)
	at org.microemu.cldc.datagram.Connection.newDatagram(Connection.java:79)
	at org.microemu.cldc.datagram.ConnectionTest.testNewDatagramInt(ConnectionTest.java:42)
</error>
  </testcase>
  <testcase time="0.001" classname="org.microemu.cldc.datagram.ConnectionTest" name="testNewDatagramIntString">
    <error message="Invalid Protocol localhost:123" type="java.lang.IllegalArgumentException">java.lang.IllegalArgumentException: Invalid Protocol localhost:123
	at org.microemu.cldc.datagram.Connection.newDatagram(Connection.java:84)
	at org.microemu.cldc.datagram.ConnectionTest.testNewDatagramIntString(ConnectionTest.java:54)
</error>
  </testcase>
  <testcase time="0.001" classname="org.microemu.cldc.datagram.ConnectionTest" name="testNewDatagramByteArrayInt">
    <error message="Invalid Protocol localhost:1234" type="java.lang.IllegalArgumentException">java.lang.IllegalArgumentException: Invalid Protocol localhost:1234
	at org.microemu.cldc.datagram.Connection.newDatagram(Connection.java:97)
	at org.microemu.cldc.datagram.Connection.newDatagram(Connection.java:92)
	at org.microemu.cldc.datagram.ConnectionTest.testNewDatagramByteArrayInt(ConnectionTest.java:67)
</error>
  </testcase>
  <testcase time="0.001" classname="org.microemu.cldc.datagram.ConnectionTest" name="testNewDatagramByteArrayIntString">
    <error message="Invalid Protocol localhost:123" type="java.lang.IllegalArgumentException">java.lang.IllegalArgumentException: Invalid Protocol localhost:123
	at org.microemu.cldc.datagram.Connection.newDatagram(Connection.java:97)
	at org.microemu.cldc.datagram.ConnectionTest.testNewDatagramByteArrayIntString(ConnectionTest.java:80)
</error>
  </testcase>
  <testcase time="0.02" classname="org.microemu.cldc.datagram.ConnectionTest" name="testGetLocalAddress">
    <failure message="expected:&lt;111.35.177.147&gt; but was:&lt;0.0.0.0&gt;" type="junit.framework.ComparisonFailure">junit.framework.ComparisonFailure: expected:&lt;111.35.177.147&gt; but was:&lt;0.0.0.0&gt;
	at junit.framework.Assert.assertEquals(Assert.java:81)
	at junit.framework.Assert.assertEquals(Assert.java:87)
	at org.microemu.cldc.datagram.ConnectionTest.testGetLocalAddress(ConnectionTest.java:97)
</failure>
  </testcase>
  <testcase time="0.001" classname="org.microemu.cldc.datagram.ConnectionTest" name="testGetLocalPort"/>
  <testcase time="0" classname="org.microemu.cldc.datagram.ConnectionTest" name="testOpenConnection">
    <error message="Port missing" type="java.lang.IllegalArgumentException">java.lang.IllegalArgumentException: Port missing
	at org.microemu.cldc.datagram.Connection.openConnection(Connection.java:137)
	at org.microemu.cldc.datagram.ConnectionTest.testOpenConnection(ConnectionTest.java:126)
</error>
  </testcase>
</testsuite>