<?xml version="1.0" encoding="UTF-8" ?>
<testsuite failures="0" time="0.287" errors="3" skipped="0" tests="4" name="org.microemu.cldc.datagram.EndToEndDatagramTest">
  <properties>
[...]
</properties>
  <testcase time="0.202" classname="org.microemu.cldc.datagram.EndToEndDatagramTest" name="testJ2SEtoJ2ME"/>
  <testcase time="0.006" classname="org.microemu.cldc.datagram.EndToEndDatagramTest" name="testJ2MEtoJ2SE">
    <error message="Address already in use: Cannot bind" type="java.net.BindException">java.net.BindException: Address already in use: Cannot bind
	at java.net.PlainDatagramSocketImpl.bind0(Native Method)
	at java.net.PlainDatagramSocketImpl.bind(PlainDatagramSocketImpl.java:91)
	at java.net.DatagramSocket.bind(DatagramSocket.java:372)
	at java.net.DatagramSocket.&lt;init&gt;(DatagramSocket.java:211)
	at java.net.DatagramSocket.&lt;init&gt;(DatagramSocket.java:262)
	at java.net.DatagramSocket.&lt;init&gt;(DatagramSocket.java:235)
	at org.microemu.cldc.datagram.Connection.openConnection(Connection.java:148)
	at org.microemu.microedition.io.ConnectorImpl.openSecure(ConnectorImpl.java:139)
	at org.microemu.microedition.io.ConnectorImpl.access$200(ConnectorImpl.java:51)
	at org.microemu.microedition.io.ConnectorImpl$1.run(ConnectorImpl.java:81)
	at java.security.AccessController.doPrivileged(Native Method)
	at org.microemu.microedition.io.ConnectorImpl.open(ConnectorImpl.java:76)
	at org.microemu.microedition.io.ConnectorAdapter.open(ConnectorAdapter.java:54)
	at javax.microedition.io.Connector.open(Connector.java:53)
	at org.microemu.cldc.datagram.EndToEndDatagramTest.createJ2MEServer(EndToEndDatagramTest.java:114)
	at org.microemu.cldc.datagram.EndToEndDatagramTest.testJ2MEtoJ2SE(EndToEndDatagramTest.java:74)
</error>
    <system-out>
--------------------------------------------

</system-out>
  </testcase>
  <testcase time="0.002" classname="org.microemu.cldc.datagram.EndToEndDatagramTest" name="testJ2MEtoJ2ME">
    <error message="Address already in use: Cannot bind" type="java.net.BindException">java.net.BindException: Address already in use: Cannot bind
	at java.net.PlainDatagramSocketImpl.bind0(Native Method)
	at java.net.PlainDatagramSocketImpl.bind(PlainDatagramSocketImpl.java:91)
	at java.net.DatagramSocket.bind(DatagramSocket.java:372)
	at java.net.DatagramSocket.&lt;init&gt;(DatagramSocket.java:211)
	at java.net.DatagramSocket.&lt;init&gt;(DatagramSocket.java:262)
	at java.net.DatagramSocket.&lt;init&gt;(DatagramSocket.java:235)
	at org.microemu.cldc.datagram.Connection.openConnection(Connection.java:148)
	at org.microemu.microedition.io.ConnectorImpl.openSecure(ConnectorImpl.java:139)
	at org.microemu.microedition.io.ConnectorImpl.access$200(ConnectorImpl.java:51)
	at org.microemu.microedition.io.ConnectorImpl$1.run(ConnectorImpl.java:81)
	at java.security.AccessController.doPrivileged(Native Method)
	at org.microemu.microedition.io.ConnectorImpl.open(ConnectorImpl.java:76)
	at org.microemu.microedition.io.ConnectorAdapter.open(ConnectorAdapter.java:54)
	at javax.microedition.io.Connector.open(Connector.java:53)
	at org.microemu.cldc.datagram.EndToEndDatagramTest.createJ2MEServer(EndToEndDatagramTest.java:114)
	at org.microemu.cldc.datagram.EndToEndDatagramTest.testJ2MEtoJ2ME(EndToEndDatagramTest.java:89)
</error>
    <system-out>
--------------------------------------------

</system-out>
  </testcase>
  <testcase time="0.001" classname="org.microemu.cldc.datagram.EndToEndDatagramTest" name="testJ2SEtoJ2SE">
    <error message="Address already in use: Cannot bind" type="java.net.BindException">java.net.BindException: Address already in use: Cannot bind
	at java.net.PlainDatagramSocketImpl.bind0(Native Method)
	at java.net.PlainDatagramSocketImpl.bind(PlainDatagramSocketImpl.java:91)
	at java.net.DatagramSocket.bind(DatagramSocket.java:372)
	at java.net.DatagramSocket.&lt;init&gt;(DatagramSocket.java:211)
	at java.net.DatagramSocket.&lt;init&gt;(DatagramSocket.java:262)
	at java.net.DatagramSocket.&lt;init&gt;(DatagramSocket.java:235)
	at org.microemu.cldc.datagram.EndToEndDatagramTest.createJ2SEServer(EndToEndDatagramTest.java:211)
	at org.microemu.cldc.datagram.EndToEndDatagramTest.testJ2SEtoJ2SE(EndToEndDatagramTest.java:103)
</error>
    <system-out>
--------------------------------------------

</system-out>
  </testcase>
</testsuite>