<?xml version="1.0" encoding="UTF-8" ?>
<testsuite failures="0" time="0.35" errors="2" skipped="0" tests="4" name="org.microemu.app.classloader.MIDletClassLoaderTest">
  <properties>
[...]
</properties>
  <testcase time="0.024" classname="org.microemu.app.classloader.MIDletClassLoaderTest" name="testGetResourceAsStream"/>
  <testcase time="0.225" classname="org.microemu.app.classloader.MIDletClassLoaderTest" name="testApplication"/>
  <testcase time="0.026" classname="org.microemu.app.classloader.MIDletClassLoaderTest" name="testTimer">
    <error type="java.lang.NullPointerException">java.lang.NullPointerException
	at org.microemu.MIDletBridge.getMIDletContext(MIDletBridge.java:98)
	at org.microemu.app.util.MIDletThread.register(MIDletThread.java:84)
	at org.microemu.app.util.MIDletThread.&lt;init&gt;(MIDletThread.java:70)
	at org.microemu.app.util.MIDletTimer.&lt;init&gt;(MIDletTimer.java:70)
	at org.TimerExtendsClass.&lt;init&gt;(TimerExtendsClass.java:12)
	at org.TimerCreationRunner.run(TimerCreationRunner.java:42)
	at org.microemu.app.classloader.MIDletClassLoaderTest.testTimer(MIDletClassLoaderTest.java:179)
</error>
  </testcase>
  <testcase time="0.009" classname="org.microemu.app.classloader.MIDletClassLoaderTest" name="testTimerCancell">
    <error type="java.lang.NullPointerException">java.lang.NullPointerException
	at org.microemu.MIDletBridge.getMIDletContext(MIDletBridge.java:98)
	at org.microemu.app.util.MIDletThread.register(MIDletThread.java:84)
	at org.microemu.app.util.MIDletThread.&lt;init&gt;(MIDletThread.java:70)
	at org.microemu.app.util.MIDletTimer.&lt;init&gt;(MIDletTimer.java:70)
	at org.TimerTaskCancelRunner.run(TimerTaskCancelRunner.java:51)
	at org.microemu.app.classloader.MIDletClassLoaderTest.testTimerCancell(MIDletClassLoaderTest.java:198)
</error>
  </testcase>
</testsuite>